

Starting up. 20:37.37
---------------------
Adding game mode abduction (abduction) to configuration.
Adding game mode blob (blob) to configuration.
Adding game mode changeling (changeling) to configuration.
Adding game mode shadowling (shadowling) to configuration.
Adding game mode traitor+changeling (traitorchan) to configuration.
Adding game mode double agents (double_agents) to configuration.
Adding game mode traitor (traitor) to configuration.
Adding game mode cult (cult) to configuration.
Adding game mode extended (extended) to configuration.
Adding game mode gang war (gang) to configuration.
Adding game mode AI malfunction (malfunction) to configuration.
Adding game mode meteor (meteor) to configuration.
Adding game mode monkey (monkey) to configuration.
Adding game mode nuclear emergency (nuclear) to configuration.
Adding game mode revolution (revolution) to configuration.
Adding game mode sandbox (sandbox) to configuration.
Adding game mode Ragin' Mages (raginmages) to configuration.
Adding game mode wizard (wizard) to configuration.
Unknown setting in configuration: 'use_recursive_explosions'
Saved mode is 'secret'
Failed to connect to database in load_admin_ranks(). Reverting to legacy system.
[20:37:42]ACCESS: Login: Guest-2638935576/(Guest-2638935576) from localhost-2638935576 || BYOND v507
[20:41:28]ACCESS: Logout: *no key*/(Guest-2638935576)
[20:41:28]ACCESS: Login: Guest-2638935576 from localhost-2638935576 || BYOND v507
[20:41:31]ACCESS: Logout: Guest-2638935576[DC]


Starting up. 20:46.53
---------------------
Adding game mode abduction (abduction) to configuration.
Adding game mode blob (blob) to configuration.
Adding game mode changeling (changeling) to configuration.
Adding game mode shadowling (shadowling) to configuration.
Adding game mode traitor+changeling (traitorchan) to configuration.
Adding game mode double agents (double_agents) to configuration.
Adding game mode traitor (traitor) to configuration.
Adding game mode cult (cult) to configuration.
Adding game mode extended (extended) to configuration.
Adding game mode gang war (gang) to configuration.
Adding game mode AI malfunction (malfunction) to configuration.
Adding game mode meteor (meteor) to configuration.
Adding game mode monkey (monkey) to configuration.
Adding game mode nuclear emergency (nuclear) to configuration.
Adding game mode revolution (revolution) to configuration.
Adding game mode sandbox (sandbox) to configuration.
Adding game mode Ragin' Mages (raginmages) to configuration.
Adding game mode wizard (wizard) to configuration.
Unknown setting in configuration: 'use_recursive_explosions'
Saved mode is 'secret'
Failed to connect to database in load_admin_ranks(). Reverting to legacy system.
[20:46:56]ACCESS: Login: Guest-2638935576/(Guest-2638935576) from localhost-2638935576 || BYOND v507
[20:48:49]ACCESS: Logout: *no key*/(Guest-2638935576)
[20:48:49]ACCESS: Login: Guest-2638935576/(Kaitlin Nash) from localhost-2638935576 || BYOND v507
[20:49:27]ACCESS: Logout: Guest-2638935576[DC]/(Kaitlin Nash)


Starting up. 20:58.38
---------------------
Adding game mode abduction (abduction) to configuration.
Adding game mode blob (blob) to configuration.
Adding game mode changeling (changeling) to configuration.
Adding game mode shadowling (shadowling) to configuration.
Adding game mode traitor+changeling (traitorchan) to configuration.
Adding game mode double agents (double_agents) to configuration.
Adding game mode traitor (traitor) to configuration.
Adding game mode cult (cult) to configuration.
Adding game mode extended (extended) to configuration.
Adding game mode gang war (gang) to configuration.
Adding game mode AI malfunction (malfunction) to configuration.
Adding game mode meteor (meteor) to configuration.
Adding game mode monkey (monkey) to configuration.
Adding game mode nuclear emergency (nuclear) to configuration.
Adding game mode revolution (revolution) to configuration.
Adding game mode sandbox (sandbox) to configuration.
Adding game mode Ragin' Mages (raginmages) to configuration.
Adding game mode wizard (wizard) to configuration.
Unknown setting in configuration: 'use_recursive_explosions'
Saved mode is 'secret'
Failed to connect to database in load_admin_ranks(). Reverting to legacy system.
[20:58:45]ACCESS: Login: Guest-2638935576/(Guest-2638935576) from localhost-2638935576 || BYOND v507
[20:59:49]ACCESS: Logout: Guest-2638935576[DC]/(Guest-2638935576)


Starting up. 21:02.18
---------------------
Adding game mode abduction (abduction) to configuration.
Adding game mode blob (blob) to configuration.
Adding game mode changeling (changeling) to configuration.
Adding game mode shadowling (shadowling) to configuration.
Adding game mode traitor+changeling (traitorchan) to configuration.
Adding game mode double agents (double_agents) to configuration.
Adding game mode traitor (traitor) to configuration.
Adding game mode cult (cult) to configuration.
Adding game mode extended (extended) to configuration.
Adding game mode gang war (gang) to configuration.
Adding game mode AI malfunction (malfunction) to configuration.
Adding game mode meteor (meteor) to configuration.
Adding game mode monkey (monkey) to configuration.
Adding game mode nuclear emergency (nuclear) to configuration.
Adding game mode revolution (revolution) to configuration.
Adding game mode sandbox (sandbox) to configuration.
Adding game mode Ragin' Mages (raginmages) to configuration.
Adding game mode wizard (wizard) to configuration.
Unknown setting in configuration: 'use_recursive_explosions'
Saved mode is 'secret'
Failed to connect to database in load_admin_ranks(). Reverting to legacy system.
[21:02:26]ACCESS: Login: DerptheStewpidGoat/(DerptheStewpidGoat) from localhost-2638935576 || BYOND v507
[21:02:42]ADMIN: DerptheStewpidGoat/(DerptheStewpidGoat) jumped to Arctic
[21:02:58]ADMIN: DerptheStewpidGoat/(DerptheStewpidGoat) assumed direct control of Moses Johnson.
[21:02:58]ACCESS: Logout: *no key*/(DerptheStewpidGoat)
[21:02:58]ACCESS: Login: derpthestewpidgoat/(Moses Johnson) from localhost-2638935576 || BYOND v507
[21:03:10]ACCESS: Logout: derpthestewpidgoat[DC]/(Admin)


Starting up. 21:07.15
---------------------
Adding game mode abduction (abduction) to configuration.
Adding game mode blob (blob) to configuration.
Adding game mode changeling (changeling) to configuration.
Adding game mode shadowling (shadowling) to configuration.
Adding game mode traitor+changeling (traitorchan) to configuration.
Adding game mode double agents (double_agents) to configuration.
Adding game mode traitor (traitor) to configuration.
Adding game mode cult (cult) to configuration.
Adding game mode extended (extended) to configuration.
Adding game mode gang war (gang) to configuration.
Adding game mode AI malfunction (malfunction) to configuration.
Adding game mode meteor (meteor) to configuration.
Adding game mode monkey (monkey) to configuration.
Adding game mode nuclear emergency (nuclear) to configuration.
Adding game mode revolution (revolution) to configuration.
Adding game mode sandbox (sandbox) to configuration.
Adding game mode Ragin' Mages (raginmages) to configuration.
Adding game mode wizard (wizard) to configuration.
Unknown setting in configuration: 'use_recursive_explosions'
Saved mode is 'secret'
Failed to connect to database in load_admin_ranks(). Reverting to legacy system.
[21:07:53]ACCESS: Login: DerptheStewpidGoat/(DerptheStewpidGoat) from localhost-2638935576 || BYOND v507
[21:08:04]ACCESS: Logout: *no key*/(DerptheStewpidGoat)
[21:08:04]ACCESS: Login: DerptheStewpidGoat/(Miranda Semenov) from localhost-2638935576 || BYOND v507
[21:09:00]ACCESS: Logout: DerptheStewpidGoat[DC]/(Miranda Semenov)


Starting up. 21:13.50
---------------------
Adding game mode abduction (abduction) to configuration.
Adding game mode blob (blob) to configuration.
Adding game mode changeling (changeling) to configuration.
Adding game mode shadowling (shadowling) to configuration.
Adding game mode traitor+changeling (traitorchan) to configuration.
Adding game mode double agents (double_agents) to configuration.
Adding game mode traitor (traitor) to configuration.
Adding game mode cult (cult) to configuration.
Adding game mode extended (extended) to configuration.
Adding game mode gang war (gang) to configuration.
Adding game mode AI malfunction (malfunction) to configuration.
Adding game mode meteor (meteor) to configuration.
Adding game mode monkey (monkey) to configuration.
Adding game mode nuclear emergency (nuclear) to configuration.
Adding game mode revolution (revolution) to configuration.
Adding game mode sandbox (sandbox) to configuration.
Adding game mode Ragin' Mages (raginmages) to configuration.
Adding game mode wizard (wizard) to configuration.
Unknown setting in configuration: 'use_recursive_explosions'
Saved mode is 'secret'
Failed to connect to database in load_admin_ranks(). Reverting to legacy system.
[21:13:56]ADMIN: Loading Banlistjob
Database connection failed. Reverting to the legacy ban system.
[21:13:56]ADMIN: Loading jobban_rank
[21:13:56]ADMIN: jobban_keylist was empty
[21:13:56]ADMIN: Loading appearance_rank
[21:13:56]ADMIN: appearance_keylist was empty
[21:13:56]ADMIN: Updating jobbanfile!
[21:13:56]ADMIN: Loading Banlist
[21:14:05]ACCESS: Login: DerptheStewpidGoat/(DerptheStewpidGoat) from localhost-2638935576 || BYOND v507
[21:14:35]ADMIN: DerptheStewpidGoat has started the game.
[21:14:36]GAME: DerptheStewpidGoat (ckey) has been selected as a traitor
[21:14:36]ACCESS: Logout: *no key*/(DerptheStewpidGoat)
[21:14:36]ACCESS: Login: DerptheStewpidGoat/(Miranda Semenov) from localhost-2638935576 || BYOND v507
[21:15:05]ACCESS: Logout: *no key*/(Miranda Semenov)
[21:15:05]ACCESS: Login: DerptheStewpidGoat/(Miranda Semenov) from localhost-2638935576 || BYOND v507
[21:15:19]ACCESS: Logout: DerptheStewpidGoat[DC]/(Miranda Semenov)
