

Starting up. 02:04.01
---------------------


Starting up. 02:06.11
---------------------


Starting up. 02:08.48
---------------------


Starting up. 02:11.18
---------------------


Starting up. 02:29.57
---------------------


Starting up. 02:31.40
---------------------
[02:36:10]ATTACK: <font color='red'>Miranda Semenov(derpthestewpidgoat) punched Miranda Semenov(derpthestewpidgoat) </font>
[02:36:11]ATTACK: <font color='red'>Miranda Semenov(derpthestewpidgoat) punched Miranda Semenov(derpthestewpidgoat) </font>
[02:36:12]ATTACK: <font color='red'>Miranda Semenov(derpthestewpidgoat) punched Miranda Semenov(derpthestewpidgoat) </font>
[02:36:55]ATTACK: <font color='red'>Unknown(derpthestewpidgoat) attacked Unknown(derpthestewpidgoat) with energy combat shield(INTENT: HELP) (DAMTYPE: BRUTE)</font>
[02:36:56]ATTACK: <font color='red'>Unknown(derpthestewpidgoat) attacked Unknown(derpthestewpidgoat) with energy sword(INTENT: HELP) (DAMTYPE: BRUTE)</font>
[02:36:57]ATTACK: <font color='red'>Unknown(derpthestewpidgoat) attacked Unknown(derpthestewpidgoat) with energy sword(INTENT: HELP) (DAMTYPE: BRUTE)</font>
[02:36:58]ATTACK: <font color='red'>Unknown(derpthestewpidgoat) attacked Unknown(derpthestewpidgoat) with energy sword(INTENT: HELP) (DAMTYPE: BRUTE)</font>


Starting up. 02:39.56
---------------------


Starting up. 02:41.16
---------------------


Starting up. 16:33.07
---------------------


Starting up. 16:34.36
---------------------


Starting up. 17:06.30
---------------------


Starting up. 23:44.31
---------------------


Starting up. 23:46.16
---------------------
[23:50:15]ATTACK: <font color='red'>Russian shot Unknown(derpthestewpidgoat) with The bullet</font>
[23:50:22]ATTACK: <font color='red'>Russian shot Unknown(derpthestewpidgoat) with The bullet</font>
[23:50:28]ATTACK: <font color='red'>Russian shot Unknown(derpthestewpidgoat) with The bullet</font>
[23:50:31]ATTACK: <font color='red'>Unknown(derpthestewpidgoat) shot Russian with The bullet</font>
[23:50:31]ATTACK: <font color='red'>Unknown(derpthestewpidgoat) shot Russian with The bullet</font>
[23:50:32]ATTACK: <font color='red'>Unknown(derpthestewpidgoat) shot Russian with The bullet</font>
[23:50:32]ATTACK: <font color='red'>Unknown(derpthestewpidgoat) shot Russian with The bullet</font>
[23:50:32]ATTACK: <font color='red'>Unknown(derpthestewpidgoat) shot Russian with The bullet</font>
[23:50:32]ATTACK: <font color='red'>Unknown(derpthestewpidgoat) shot Zander Sholl with The bullet</font>
