

Starting up. 00:14.17
---------------------


Starting up. 00:59.55
---------------------
[01:01:07]ATTACK: <font color='red'>Russian shot Miranda Semenov(derpthestewpidgoat) with The bullet</font>
[01:01:18]ATTACK: <font color='red'>Russian shot Miranda Semenov(derpthestewpidgoat) with The bullet</font>
[01:01:18]ATTACK: <font color='red'>Russian shot Miranda Semenov(derpthestewpidgoat) with The bullet</font>
[01:02:03]ATTACK: <font color='red'>Miranda Semenov(derpthestewpidgoat) shot Russian with The bullet</font>
[01:02:04]ATTACK: <font color='red'>Russian shot Miranda Semenov(derpthestewpidgoat) with The bullet</font>
[01:02:04]ATTACK: <font color='red'>Russian shot Miranda Semenov(derpthestewpidgoat) with The bullet</font>
[01:02:06]ATTACK: <font color='red'>Miranda Semenov(derpthestewpidgoat) shot Russian with The bullet</font>
[01:02:06]ATTACK: <font color='red'>Miranda Semenov(derpthestewpidgoat) shot Russian with The bullet</font>
[01:02:08]ATTACK: <font color='red'>Miranda Semenov(derpthestewpidgoat) shot Russian with The bullet</font>
[01:02:09]ATTACK: <font color='red'>Miranda Semenov(derpthestewpidgoat) shot Russian with The bullet</font>
[01:02:09]ATTACK: <font color='red'>Miranda Semenov(derpthestewpidgoat) shot Jeremiah Northey with The bullet</font>
[01:02:17]ATTACK: <font color='red'>Miranda Semenov(derpthestewpidgoat) shot Russian with The bullet</font>
[01:02:18]ATTACK: <font color='red'>Miranda Semenov(derpthestewpidgoat) shot Russian with The bullet</font>
[01:02:18]ATTACK: <font color='red'>Miranda Semenov(derpthestewpidgoat) shot Russian with The bullet</font>
[01:02:19]ATTACK: <font color='red'>Miranda Semenov(derpthestewpidgoat) shot Russian with The bullet</font>
[01:02:19]ATTACK: <font color='red'>Miranda Semenov(derpthestewpidgoat) shot Russian with The bullet</font>
[01:02:20]ATTACK: <font color='red'>Miranda Semenov(derpthestewpidgoat) shot Russian with The bullet</font>
[01:02:57]ATTACK: <font color='red'>Miranda Semenov(derpthestewpidgoat) shot Russian with The bullet</font>
[01:02:58]ATTACK: <font color='red'>Miranda Semenov(derpthestewpidgoat) shot Russian with The bullet</font>
[01:02:59]ATTACK: <font color='red'>Miranda Semenov(derpthestewpidgoat) shot Russian with The bullet</font>
[01:02:59]ATTACK: <font color='red'>Miranda Semenov(derpthestewpidgoat) shot Russian with The bullet</font>
[01:03:00]ATTACK: <font color='red'>Miranda Semenov(derpthestewpidgoat) shot Russian with The bullet</font>
[01:03:00]ATTACK: <font color='red'>Miranda Semenov(derpthestewpidgoat) shot Russian with The bullet</font>
[01:03:01]ATTACK: <font color='red'>Miranda Semenov(derpthestewpidgoat) shot Russian with The bullet</font>
[01:03:01]ATTACK: <font color='red'>Miranda Semenov(derpthestewpidgoat) shot Russian with The bullet</font>
[01:03:02]ATTACK: <font color='red'>Miranda Semenov(derpthestewpidgoat) shot Russian with The bullet</font>
[01:03:02]ATTACK: <font color='red'>Miranda Semenov(derpthestewpidgoat) shot Russian with The bullet</font>
